This file contains any messages produced by compilers while
running configure, to aid debugging if configure makes a mistake.

It was created by libraft configure 0.0.0.0, which was
generated by GNU Autoconf 2.69.  Invocation command line was

  $ ./configure 

## --------- ##
## Platform. ##
## --------- ##

hostname = wd-desktop
uname -m = i686
uname -r = 3.13.0-29-generic
uname -s = Linux
uname -v = #53-Ubuntu SMP Wed Jun 4 21:02:19 UTC 2014

/usr/bin/uname -p = unknown
/bin/uname -X     = unknown

/bin/arch              = unknown
/usr/bin/arch -k       = unknown
/usr/convex/getsysinfo = unknown
/usr/bin/hostinfo      = unknown
/bin/machine           = unknown
/usr/bin/oslevel       = unknown
/bin/universe          = unknown

PATH: /usr/local/sbin
PATH: /usr/local/bin
PATH: /usr/sbin
PATH: /usr/bin
PATH: /sbin
PATH: /bin
PATH: /usr/games
PATH: /usr/local/games
PATH: /home/wd/go/bin


## ----------- ##
## Core tests. ##
## ----------- ##

configure:2482: checking for a BSD-compatible install
configure:2550: result: /usr/bin/install -c
configure:2561: checking whether build environment is sane
configure:2598: result: yes
configure:2725: checking for a thread-safe mkdir -p
configure:2764: result: /bin/mkdir -p
configure:2777: checking for gawk
configure:2807: result: no
configure:2777: checking for mawk
configure:2793: found /usr/bin/mawk
configure:2804: result: mawk
configure:2815: checking whether make sets $(MAKE)
configure:2837: result: yes
configure:2977: checking for g++
configure:2993: found /usr/bin/g++
configure:3004: result: g++
configure:3031: checking for C++ compiler version
configure:3040: g++ --version >&5
g++ (Ubuntu 4.8.2-19ubuntu1) 4.8.2
Copyright (C) 2013 Free Software Foundation, Inc.
This is free software; see the source for copying conditions.  There is NO
warranty; not even for MERCHANTABILITY or FITNESS FOR A PARTICULAR PURPOSE.

configure:3051: $? = 0
configure:3040: g++ -v >&5
Using built-in specs.
COLLECT_GCC=g++
COLLECT_LTO_WRAPPER=/usr/lib/gcc/i686-linux-gnu/4.8/lto-wrapper
Target: i686-linux-gnu
Configured with: ../src/configure -v --with-pkgversion='Ubuntu 4.8.2-19ubuntu1' --with-bugurl=file:///usr/share/doc/gcc-4.8/README.Bugs --enable-languages=c,c++,java,go,d,fortran,objc,obj-c++ --prefix=/usr --program-suffix=-4.8 --enable-shared --enable-linker-build-id --libexecdir=/usr/lib --without-included-gettext --enable-threads=posix --with-gxx-include-dir=/usr/include/c++/4.8 --libdir=/usr/lib --enable-nls --with-sysroot=/ --enable-clocale=gnu --enable-libstdcxx-debug --enable-libstdcxx-time=yes --enable-gnu-unique-object --disable-libmudflap --enable-plugin --with-system-zlib --disable-browser-plugin --enable-java-awt=gtk --enable-gtk-cairo --with-java-home=/usr/lib/jvm/java-1.5.0-gcj-4.8-i386/jre --enable-java-home --with-jvm-root-dir=/usr/lib/jvm/java-1.5.0-gcj-4.8-i386 --with-jvm-jar-dir=/usr/lib/jvm-exports/java-1.5.0-gcj-4.8-i386 --with-arch-directory=i386 --with-ecj-jar=/usr/share/java/eclipse-ecj.jar --enable-objc-gc --enable-targets=all --enable-multiarch --disable-werror --with-arch-32=i686 --with-multilib-list=m32,m64,mx32 --with-tune=generic --enable-checking=release --build=i686-linux-gnu --host=i686-linux-gnu --target=i686-linux-gnu
Thread model: posix
gcc version 4.8.2 (Ubuntu 4.8.2-19ubuntu1) 
configure:3051: $? = 0
configure:3040: g++ -V >&5
g++: error: unrecognized command line option '-V'
g++: fatal error: no input files
compilation terminated.
configure:3051: $? = 4
configure:3040: g++ -qversion >&5
g++: error: unrecognized command line option '-qversion'
g++: fatal error: no input files
compilation terminated.
configure:3051: $? = 4
configure:3071: checking whether the C++ compiler works
configure:3093: g++    conftest.cpp  >&5
configure:3097: $? = 0
configure:3145: result: yes
configure:3148: checking for C++ compiler default output file name
configure:3150: result: a.out
configure:3156: checking for suffix of executables
configure:3163: g++ -o conftest    conftest.cpp  >&5
configure:3167: $? = 0
configure:3189: result: 
configure:3211: checking whether we are cross compiling
configure:3219: g++ -o conftest    conftest.cpp  >&5
configure:3223: $? = 0
configure:3230: ./conftest
configure:3234: $? = 0
configure:3249: result: no
configure:3254: checking for suffix of object files
configure:3276: g++ -c   conftest.cpp >&5
configure:3280: $? = 0
configure:3301: result: o
configure:3305: checking whether we are using the GNU C++ compiler
configure:3324: g++ -c   conftest.cpp >&5
configure:3324: $? = 0
configure:3333: result: yes
configure:3342: checking whether g++ accepts -g
configure:3362: g++ -c -g  conftest.cpp >&5
configure:3362: $? = 0
configure:3403: result: yes
configure:3437: checking for style of include used by make
configure:3465: result: GNU
configure:3490: checking dependency style of g++
configure:3600: result: gcc3
configure:3644: checking build system type
configure:3658: result: i686-pc-linux-gnu
configure:3678: checking host system type
configure:3691: result: i686-pc-linux-gnu
configure:3732: checking how to print strings
configure:3759: result: printf
configure:3828: checking for gcc
configure:3844: found /usr/bin/gcc
configure:3855: result: gcc
configure:4084: checking for C compiler version
configure:4093: gcc --version >&5
gcc (Ubuntu 4.8.2-19ubuntu1) 4.8.2
Copyright (C) 2013 Free Software Foundation, Inc.
This is free software; see the source for copying conditions.  There is NO
warranty; not even for MERCHANTABILITY or FITNESS FOR A PARTICULAR PURPOSE.

configure:4104: $? = 0
configure:4093: gcc -v >&5
Using built-in specs.
COLLECT_GCC=gcc
COLLECT_LTO_WRAPPER=/usr/lib/gcc/i686-linux-gnu/4.8/lto-wrapper
Target: i686-linux-gnu
Configured with: ../src/configure -v --with-pkgversion='Ubuntu 4.8.2-19ubuntu1' --with-bugurl=file:///usr/share/doc/gcc-4.8/README.Bugs --enable-languages=c,c++,java,go,d,fortran,objc,obj-c++ --prefix=/usr --program-suffix=-4.8 --enable-shared --enable-linker-build-id --libexecdir=/usr/lib --without-included-gettext --enable-threads=posix --with-gxx-include-dir=/usr/include/c++/4.8 --libdir=/usr/lib --enable-nls --with-sysroot=/ --enable-clocale=gnu --enable-libstdcxx-debug --enable-libstdcxx-time=yes --enable-gnu-unique-object --disable-libmudflap --enable-plugin --with-system-zlib --disable-browser-plugin --enable-java-awt=gtk --enable-gtk-cairo --with-java-home=/usr/lib/jvm/java-1.5.0-gcj-4.8-i386/jre --enable-java-home --with-jvm-root-dir=/usr/lib/jvm/java-1.5.0-gcj-4.8-i386 --with-jvm-jar-dir=/usr/lib/jvm-exports/java-1.5.0-gcj-4.8-i386 --with-arch-directory=i386 --with-ecj-jar=/usr/share/java/eclipse-ecj.jar --enable-objc-gc --enable-targets=all --enable-multiarch --disable-werror --with-arch-32=i686 --with-multilib-list=m32,m64,mx32 --with-tune=generic --enable-checking=release --build=i686-linux-gnu --host=i686-linux-gnu --target=i686-linux-gnu
Thread model: posix
gcc version 4.8.2 (Ubuntu 4.8.2-19ubuntu1) 
configure:4104: $? = 0
configure:4093: gcc -V >&5
gcc: error: unrecognized command line option '-V'
gcc: fatal error: no input files
compilation terminated.
configure:4104: $? = 4
configure:4093: gcc -qversion >&5
gcc: error: unrecognized command line option '-qversion'
gcc: fatal error: no input files
compilation terminated.
configure:4104: $? = 4
configure:4108: checking whether we are using the GNU C compiler
configure:4127: gcc -c   conftest.c >&5
configure:4127: $? = 0
configure:4136: result: yes
configure:4145: checking whether gcc accepts -g
configure:4165: gcc -c -g  conftest.c >&5
configure:4165: $? = 0
configure:4206: result: yes
configure:4223: checking for gcc option to accept ISO C89
configure:4286: gcc  -c -g -O2  conftest.c >&5
configure:4286: $? = 0
configure:4299: result: none needed
configure:4321: checking dependency style of gcc
configure:4431: result: gcc3
configure:4446: checking for a sed that does not truncate output
configure:4510: result: /bin/sed
configure:4528: checking for grep that handles long lines and -e
configure:4586: result: /bin/grep
configure:4591: checking for egrep
configure:4653: result: /bin/grep -E
configure:4658: checking for fgrep
configure:4720: result: /bin/grep -F
configure:4755: checking for ld used by gcc
configure:4822: result: /usr/bin/ld
configure:4829: checking if the linker (/usr/bin/ld) is GNU ld
configure:4844: result: yes
configure:4856: checking for BSD- or MS-compatible name lister (nm)
configure:4905: result: /usr/bin/nm -B
configure:5035: checking the name lister (/usr/bin/nm -B) interface
configure:5042: gcc -c -g -O2  conftest.c >&5
configure:5045: /usr/bin/nm -B "conftest.o"
configure:5048: output
00000000 B some_variable
configure:5055: result: BSD nm
configure:5058: checking whether ln -s works
configure:5062: result: yes
configure:5070: checking the maximum length of command line arguments
configure:5201: result: 1572864
configure:5218: checking whether the shell understands some XSI constructs
configure:5228: result: yes
configure:5232: checking whether the shell understands "+="
configure:5238: result: yes
configure:5273: checking how to convert i686-pc-linux-gnu file names to i686-pc-linux-gnu format
configure:5313: result: func_convert_file_noop
configure:5320: checking how to convert i686-pc-linux-gnu file names to toolchain format
configure:5340: result: func_convert_file_noop
configure:5347: checking for /usr/bin/ld option to reload object files
configure:5354: result: -r
configure:5428: checking for objdump
configure:5444: found /usr/bin/objdump
configure:5455: result: objdump
configure:5487: checking how to recognize dependent libraries
configure:5685: result: pass_all
configure:5770: checking for dlltool
configure:5800: result: no
configure:5830: checking how to associate runtime and link libraries
configure:5857: result: printf %s\n
configure:5918: checking for ar
configure:5934: found /usr/bin/ar
configure:5945: result: ar
configure:5982: checking for archiver @FILE support
configure:5999: gcc -c -g -O2  conftest.c >&5
configure:5999: $? = 0
configure:6002: ar cru libconftest.a @conftest.lst >&5
configure:6005: $? = 0
configure:6010: ar cru libconftest.a @conftest.lst >&5
ar: conftest.o: No such file or directory
configure:6013: $? = 1
configure:6025: result: @
configure:6083: checking for strip
configure:6099: found /usr/bin/strip
configure:6110: result: strip
configure:6182: checking for ranlib
configure:6198: found /usr/bin/ranlib
configure:6209: result: ranlib
configure:6311: checking command to parse /usr/bin/nm -B output from gcc object
configure:6431: gcc -c -g -O2  conftest.c >&5
configure:6434: $? = 0
configure:6438: /usr/bin/nm -B conftest.o \| sed -n -e 's/^.*[ ]\([ABCDGIRSTW][ABCDGIRSTW]*\)[ ][ ]*\([_A-Za-z][_A-Za-z0-9]*\)$/\1 \2 \2/p' | sed '/ __gnu_lto/d' \> conftest.nm
configure:6441: $? = 0
configure:6507: gcc -o conftest -g -O2   conftest.c conftstm.o >&5
configure:6510: $? = 0
configure:6548: result: ok
configure:6585: checking for sysroot
configure:6615: result: no
configure:6884: checking for mt
configure:6900: found /bin/mt
configure:6911: result: mt
configure:6934: checking if mt is a manifest tool
configure:6940: mt '-?'
configure:6948: result: no
configure:7590: checking how to run the C preprocessor
configure:7621: gcc -E  conftest.c
configure:7621: $? = 0
configure:7635: gcc -E  conftest.c
conftest.c:11:28: fatal error: ac_nonexistent.h: No such file or directory
 #include <ac_nonexistent.h>
                            ^
compilation terminated.
configure:7635: $? = 1
configure: failed program was:
| /* confdefs.h */
| #define PACKAGE_NAME "libraft"
| #define PACKAGE_TARNAME "libraft"
| #define PACKAGE_VERSION "0.0.0.0"
| #define PACKAGE_STRING "libraft 0.0.0.0"
| #define PACKAGE_BUGREPORT "583032753@qq.com"
| #define PACKAGE_URL ""
| #define PACKAGE "libraft"
| #define VERSION "0.1"
| /* end confdefs.h.  */
| #include <ac_nonexistent.h>
configure:7660: result: gcc -E
configure:7680: gcc -E  conftest.c
configure:7680: $? = 0
configure:7694: gcc -E  conftest.c
conftest.c:11:28: fatal error: ac_nonexistent.h: No such file or directory
 #include <ac_nonexistent.h>
                            ^
compilation terminated.
configure:7694: $? = 1
configure: failed program was:
| /* confdefs.h */
| #define PACKAGE_NAME "libraft"
| #define PACKAGE_TARNAME "libraft"
| #define PACKAGE_VERSION "0.0.0.0"
| #define PACKAGE_STRING "libraft 0.0.0.0"
| #define PACKAGE_BUGREPORT "583032753@qq.com"
| #define PACKAGE_URL ""
| #define PACKAGE "libraft"
| #define VERSION "0.1"
| /* end confdefs.h.  */
| #include <ac_nonexistent.h>
configure:7723: checking for ANSI C header files
configure:7743: gcc -c -g -O2  conftest.c >&5
configure:7743: $? = 0
configure:7816: gcc -o conftest -g -O2   conftest.c  >&5
configure:7816: $? = 0
configure:7816: ./conftest
configure:7816: $? = 0
configure:7827: result: yes
configure:7840: checking for sys/types.h
configure:7840: gcc -c -g -O2  conftest.c >&5
configure:7840: $? = 0
configure:7840: result: yes
configure:7840: checking for sys/stat.h
configure:7840: gcc -c -g -O2  conftest.c >&5
configure:7840: $? = 0
configure:7840: result: yes
configure:7840: checking for stdlib.h
configure:7840: gcc -c -g -O2  conftest.c >&5
configure:7840: $? = 0
configure:7840: result: yes
configure:7840: checking for string.h
configure:7840: gcc -c -g -O2  conftest.c >&5
configure:7840: $? = 0
configure:7840: result: yes
configure:7840: checking for memory.h
configure:7840: gcc -c -g -O2  conftest.c >&5
configure:7840: $? = 0
configure:7840: result: yes
configure:7840: checking for strings.h
configure:7840: gcc -c -g -O2  conftest.c >&5
configure:7840: $? = 0
configure:7840: result: yes
configure:7840: checking for inttypes.h
configure:7840: gcc -c -g -O2  conftest.c >&5
configure:7840: $? = 0
configure:7840: result: yes
configure:7840: checking for stdint.h
configure:7840: gcc -c -g -O2  conftest.c >&5
configure:7840: $? = 0
configure:7840: result: yes
configure:7840: checking for unistd.h
configure:7840: gcc -c -g -O2  conftest.c >&5
configure:7840: $? = 0
configure:7840: result: yes
configure:7854: checking for dlfcn.h
configure:7854: gcc -c -g -O2  conftest.c >&5
configure:7854: $? = 0
configure:7854: result: yes
configure:8071: checking for objdir
configure:8086: result: .libs
configure:8353: checking if gcc supports -fno-rtti -fno-exceptions
configure:8371: gcc -c -g -O2  -fno-rtti -fno-exceptions conftest.c >&5
cc1: warning: command line option '-fno-rtti' is valid for C++/ObjC++ but not for C [enabled by default]
configure:8375: $? = 0
configure:8388: result: no
configure:8715: checking for gcc option to produce PIC
configure:8722: result: -fPIC -DPIC
configure:8730: checking if gcc PIC flag -fPIC -DPIC works
configure:8748: gcc -c -g -O2  -fPIC -DPIC -DPIC conftest.c >&5
configure:8752: $? = 0
configure:8765: result: yes
configure:8794: checking if gcc static flag -static works
configure:8822: result: yes
configure:8837: checking if gcc supports -c -o file.o
configure:8858: gcc -c -g -O2  -o out/conftest2.o conftest.c >&5
configure:8862: $? = 0
configure:8884: result: yes
configure:8892: checking if gcc supports -c -o file.o
configure:8939: result: yes
configure:8972: checking whether the gcc linker (/usr/bin/ld) supports shared libraries
configure:10129: result: yes
configure:10166: checking whether -lc should be explicitly linked in
configure:10174: gcc -c -g -O2  conftest.c >&5
configure:10177: $? = 0
configure:10192: gcc -shared  -fPIC -DPIC conftest.o  -v -Wl,-soname -Wl,conftest -o conftest 2\>\&1 \| /bin/grep  -lc  \>/dev/null 2\>\&1
configure:10195: $? = 0
configure:10209: result: no
configure:10369: checking dynamic linker characteristics
configure:10869: gcc -o conftest -g -O2   -Wl,-rpath -Wl,/foo conftest.c  >&5
configure:10869: $? = 0
configure:11103: result: GNU/Linux ld.so
configure:11210: checking how to hardcode library paths into programs
configure:11235: result: immediate
configure:11775: checking whether stripping libraries is possible
configure:11780: result: yes
configure:11815: checking if libtool supports shared libraries
configure:11817: result: yes
configure:11820: checking whether to build shared libraries
configure:11841: result: yes
configure:11844: checking whether to build static libraries
configure:11848: result: yes
configure:11871: checking how to run the C++ preprocessor
configure:11898: g++ -E  conftest.cpp
configure:11898: $? = 0
configure:11912: g++ -E  conftest.cpp
conftest.cpp:23:28: fatal error: ac_nonexistent.h: No such file or directory
 #include <ac_nonexistent.h>
                            ^
compilation terminated.
configure:11912: $? = 1
configure: failed program was:
| /* confdefs.h */
| #define PACKAGE_NAME "libraft"
| #define PACKAGE_TARNAME "libraft"
| #define PACKAGE_VERSION "0.0.0.0"
| #define PACKAGE_STRING "libraft 0.0.0.0"
| #define PACKAGE_BUGREPORT "583032753@qq.com"
| #define PACKAGE_URL ""
| #define PACKAGE "libraft"
| #define VERSION "0.1"
| #define STDC_HEADERS 1
| #define HAVE_SYS_TYPES_H 1
| #define HAVE_SYS_STAT_H 1
| #define HAVE_STDLIB_H 1
| #define HAVE_STRING_H 1
| #define HAVE_MEMORY_H 1
| #define HAVE_STRINGS_H 1
| #define HAVE_INTTYPES_H 1
| #define HAVE_STDINT_H 1
| #define HAVE_UNISTD_H 1
| #define HAVE_DLFCN_H 1
| #define LT_OBJDIR ".libs/"
| /* end confdefs.h.  */
| #include <ac_nonexistent.h>
configure:11937: result: g++ -E
configure:11957: g++ -E  conftest.cpp
configure:11957: $? = 0
configure:11971: g++ -E  conftest.cpp
conftest.cpp:23:28: fatal error: ac_nonexistent.h: No such file or directory
 #include <ac_nonexistent.h>
                            ^
compilation terminated.
configure:11971: $? = 1
configure: failed program was:
| /* confdefs.h */
| #define PACKAGE_NAME "libraft"
| #define PACKAGE_TARNAME "libraft"
| #define PACKAGE_VERSION "0.0.0.0"
| #define PACKAGE_STRING "libraft 0.0.0.0"
| #define PACKAGE_BUGREPORT "583032753@qq.com"
| #define PACKAGE_URL ""
| #define PACKAGE "libraft"
| #define VERSION "0.1"
| #define STDC_HEADERS 1
| #define HAVE_SYS_TYPES_H 1
| #define HAVE_SYS_STAT_H 1
| #define HAVE_STDLIB_H 1
| #define HAVE_STRING_H 1
| #define HAVE_MEMORY_H 1
| #define HAVE_STRINGS_H 1
| #define HAVE_INTTYPES_H 1
| #define HAVE_STDINT_H 1
| #define HAVE_UNISTD_H 1
| #define HAVE_DLFCN_H 1
| #define LT_OBJDIR ".libs/"
| /* end confdefs.h.  */
| #include <ac_nonexistent.h>
configure:12140: checking for ld used by g++
configure:12207: result: /usr/bin/ld
configure:12214: checking if the linker (/usr/bin/ld) is GNU ld
configure:12229: result: yes
configure:12284: checking whether the g++ linker (/usr/bin/ld) supports shared libraries
configure:13286: result: yes
configure:13322: g++ -c -g -O2  conftest.cpp >&5
configure:13325: $? = 0
configure:13845: checking for g++ option to produce PIC
configure:13852: result: -fPIC -DPIC
configure:13860: checking if g++ PIC flag -fPIC -DPIC works
configure:13878: g++ -c -g -O2  -fPIC -DPIC -DPIC conftest.cpp >&5
configure:13882: $? = 0
configure:13895: result: yes
configure:13918: checking if g++ static flag -static works
configure:13946: result: yes
configure:13958: checking if g++ supports -c -o file.o
configure:13979: g++ -c -g -O2  -o out/conftest2.o conftest.cpp >&5
configure:13983: $? = 0
configure:14005: result: yes
configure:14010: checking if g++ supports -c -o file.o
configure:14057: result: yes
configure:14087: checking whether the g++ linker (/usr/bin/ld) supports shared libraries
configure:14126: result: yes
configure:14267: checking dynamic linker characteristics
configure:14935: result: GNU/Linux ld.so
configure:14988: checking how to hardcode library paths into programs
configure:15013: result: immediate
configure:15080: checking fcntl.h usability
configure:15080: gcc -c -g -O2  conftest.c >&5
configure:15080: $? = 0
configure:15080: result: yes
configure:15080: checking fcntl.h presence
configure:15080: gcc -E  conftest.c
configure:15080: $? = 0
configure:15080: result: yes
configure:15080: checking for fcntl.h
configure:15080: result: yes
configure:15080: checking for stdint.h
configure:15080: result: yes
configure:15080: checking for string.h
configure:15080: result: yes
configure:15080: checking for unistd.h
configure:15080: result: yes
configure:15092: checking for stdbool.h that conforms to C99
configure:15159: gcc -c -g -O2  conftest.c >&5
configure:15159: $? = 0
configure:15166: result: yes
configure:15168: checking for _Bool
configure:15168: gcc -c -g -O2  conftest.c >&5
configure:15168: $? = 0
configure:15168: gcc -c -g -O2  conftest.c >&5
conftest.c: In function 'main':
conftest.c:63:20: error: expected expression before ')' token
 if (sizeof ((_Bool)))
                    ^
configure:15168: $? = 1
configure: failed program was:
| /* confdefs.h */
| #define PACKAGE_NAME "libraft"
| #define PACKAGE_TARNAME "libraft"
| #define PACKAGE_VERSION "0.0.0.0"
| #define PACKAGE_STRING "libraft 0.0.0.0"
| #define PACKAGE_BUGREPORT "583032753@qq.com"
| #define PACKAGE_URL ""
| #define PACKAGE "libraft"
| #define VERSION "0.1"
| #define STDC_HEADERS 1
| #define HAVE_SYS_TYPES_H 1
| #define HAVE_SYS_STAT_H 1
| #define HAVE_STDLIB_H 1
| #define HAVE_STRING_H 1
| #define HAVE_MEMORY_H 1
| #define HAVE_STRINGS_H 1
| #define HAVE_INTTYPES_H 1
| #define HAVE_STDINT_H 1
| #define HAVE_UNISTD_H 1
| #define HAVE_DLFCN_H 1
| #define LT_OBJDIR ".libs/"
| #define HAVE_FCNTL_H 1
| #define HAVE_STDINT_H 1
| #define HAVE_STRING_H 1
| #define HAVE_UNISTD_H 1
| /* end confdefs.h.  */
| #include <stdio.h>
| #ifdef HAVE_SYS_TYPES_H
| # include <sys/types.h>
| #endif
| #ifdef HAVE_SYS_STAT_H
| # include <sys/stat.h>
| #endif
| #ifdef STDC_HEADERS
| # include <stdlib.h>
| # include <stddef.h>
| #else
| # ifdef HAVE_STDLIB_H
| #  include <stdlib.h>
| # endif
| #endif
| #ifdef HAVE_STRING_H
| # if !defined STDC_HEADERS && defined HAVE_MEMORY_H
| #  include <memory.h>
| # endif
| # include <string.h>
| #endif
| #ifdef HAVE_STRINGS_H
| # include <strings.h>
| #endif
| #ifdef HAVE_INTTYPES_H
| # include <inttypes.h>
| #endif
| #ifdef HAVE_STDINT_H
| # include <stdint.h>
| #endif
| #ifdef HAVE_UNISTD_H
| # include <unistd.h>
| #endif
| int
| main ()
| {
| if (sizeof ((_Bool)))
| 	    return 0;
|   ;
|   return 0;
| }
configure:15168: result: yes
configure:15179: checking for uint16_t
configure:15179: gcc -c -g -O2  conftest.c >&5
configure:15179: $? = 0
configure:15179: result: yes
configure:15191: checking for uint32_t
configure:15191: gcc -c -g -O2  conftest.c >&5
configure:15191: $? = 0
configure:15191: result: yes
configure:15205: checking for uint64_t
configure:15205: gcc -c -g -O2  conftest.c >&5
configure:15205: $? = 0
configure:15205: result: yes
configure:15219: checking for uint8_t
configure:15219: gcc -c -g -O2  conftest.c >&5
configure:15219: $? = 0
configure:15219: result: yes
configure:15238: checking for ftruncate
configure:15238: gcc -o conftest -g -O2   conftest.c  >&5
configure:15238: $? = 0
configure:15238: result: yes
configure:15238: checking for mkdir
configure:15238: gcc -o conftest -g -O2   conftest.c  >&5
configure:15238: $? = 0
configure:15238: result: yes
configure:15238: checking for strerror
configure:15238: gcc -o conftest -g -O2   conftest.c  >&5
configure:15238: $? = 0
configure:15238: result: yes
configure:15412: creating ./config.status

## ---------------------- ##
## Running config.status. ##
## ---------------------- ##

This file was extended by libraft config.status 0.0.0.0, which was
generated by GNU Autoconf 2.69.  Invocation command line was

  CONFIG_FILES    = 
  CONFIG_HEADERS  = 
  CONFIG_LINKS    = 
  CONFIG_COMMANDS = 
  $ ./config.status 

on wd-desktop

config.status:1059: creating Makefile
config.status:1231: executing depfiles commands
config.status:1231: executing libtool commands

## ---------------- ##
## Cache variables. ##
## ---------------- ##

ac_cv_build=i686-pc-linux-gnu
ac_cv_c_compiler_gnu=yes
ac_cv_c_uint16_t=yes
ac_cv_c_uint32_t=yes
ac_cv_c_uint64_t=yes
ac_cv_c_uint8_t=yes
ac_cv_cxx_compiler_gnu=yes
ac_cv_env_CCC_set=
ac_cv_env_CCC_value=
ac_cv_env_CC_set=
ac_cv_env_CC_value=
ac_cv_env_CFLAGS_set=
ac_cv_env_CFLAGS_value=
ac_cv_env_CPPFLAGS_set=
ac_cv_env_CPPFLAGS_value=
ac_cv_env_CPP_set=
ac_cv_env_CPP_value=
ac_cv_env_CXXCPP_set=
ac_cv_env_CXXCPP_value=
ac_cv_env_CXXFLAGS_set=
ac_cv_env_CXXFLAGS_value=
ac_cv_env_CXX_set=
ac_cv_env_CXX_value=
ac_cv_env_LDFLAGS_set=
ac_cv_env_LDFLAGS_value=
ac_cv_env_LIBS_set=
ac_cv_env_LIBS_value=
ac_cv_env_build_alias_set=
ac_cv_env_build_alias_value=
ac_cv_env_host_alias_set=
ac_cv_env_host_alias_value=
ac_cv_env_target_alias_set=
ac_cv_env_target_alias_value=
ac_cv_func_ftruncate=yes
ac_cv_func_mkdir=yes
ac_cv_func_strerror=yes
ac_cv_header_dlfcn_h=yes
ac_cv_header_fcntl_h=yes
ac_cv_header_inttypes_h=yes
ac_cv_header_memory_h=yes
ac_cv_header_stdbool_h=yes
ac_cv_header_stdc=yes
ac_cv_header_stdint_h=yes
ac_cv_header_stdlib_h=yes
ac_cv_header_string_h=yes
ac_cv_header_strings_h=yes
ac_cv_header_sys_stat_h=yes
ac_cv_header_sys_types_h=yes
ac_cv_header_unistd_h=yes
ac_cv_host=i686-pc-linux-gnu
ac_cv_objext=o
ac_cv_path_EGREP='/bin/grep -E'
ac_cv_path_FGREP='/bin/grep -F'
ac_cv_path_GREP=/bin/grep
ac_cv_path_SED=/bin/sed
ac_cv_path_install='/usr/bin/install -c'
ac_cv_path_mkdir=/bin/mkdir
ac_cv_prog_AWK=mawk
ac_cv_prog_CPP='gcc -E'
ac_cv_prog_CXXCPP='g++ -E'
ac_cv_prog_ac_ct_AR=ar
ac_cv_prog_ac_ct_CC=gcc
ac_cv_prog_ac_ct_CXX=g++
ac_cv_prog_ac_ct_MANIFEST_TOOL=mt
ac_cv_prog_ac_ct_OBJDUMP=objdump
ac_cv_prog_ac_ct_RANLIB=ranlib
ac_cv_prog_ac_ct_STRIP=strip
ac_cv_prog_cc_c89=
ac_cv_prog_cc_g=yes
ac_cv_prog_cxx_g=yes
ac_cv_prog_make_make_set=yes
ac_cv_type__Bool=yes
am_cv_CC_dependencies_compiler_type=gcc3
am_cv_CXX_dependencies_compiler_type=gcc3
lt_cv_ar_at_file=@
lt_cv_archive_cmds_need_lc=no
lt_cv_deplibs_check_method=pass_all
lt_cv_file_magic_cmd='$MAGIC_CMD'
lt_cv_file_magic_test_file=
lt_cv_ld_reload_flag=-r
lt_cv_nm_interface='BSD nm'
lt_cv_objdir=.libs
lt_cv_path_LD=/usr/bin/ld
lt_cv_path_LDCXX=/usr/bin/ld
lt_cv_path_NM='/usr/bin/nm -B'
lt_cv_path_mainfest_tool=no
lt_cv_prog_compiler_c_o=yes
lt_cv_prog_compiler_c_o_CXX=yes
lt_cv_prog_compiler_pic='-fPIC -DPIC'
lt_cv_prog_compiler_pic_CXX='-fPIC -DPIC'
lt_cv_prog_compiler_pic_works=yes
lt_cv_prog_compiler_pic_works_CXX=yes
lt_cv_prog_compiler_rtti_exceptions=no
lt_cv_prog_compiler_static_works=yes
lt_cv_prog_compiler_static_works_CXX=yes
lt_cv_prog_gnu_ld=yes
lt_cv_prog_gnu_ldcxx=yes
lt_cv_sharedlib_from_linklib_cmd='printf %s\n'
lt_cv_shlibpath_overrides_runpath=no
lt_cv_sys_global_symbol_pipe='sed -n -e '\''s/^.*[	 ]\([ABCDGIRSTW][ABCDGIRSTW]*\)[	 ][	 ]*\([_A-Za-z][_A-Za-z0-9]*\)$/\1 \2 \2/p'\'' | sed '\''/ __gnu_lto/d'\'''
lt_cv_sys_global_symbol_to_c_name_address='sed -n -e '\''s/^: \([^ ]*\)[ ]*$/  {\"\1\", (void *) 0},/p'\'' -e '\''s/^[ABCDGIRSTW]* \([^ ]*\) \([^ ]*\)$/  {"\2", (void *) \&\2},/p'\'''
lt_cv_sys_global_symbol_to_c_name_address_lib_prefix='sed -n -e '\''s/^: \([^ ]*\)[ ]*$/  {\"\1\", (void *) 0},/p'\'' -e '\''s/^[ABCDGIRSTW]* \([^ ]*\) \(lib[^ ]*\)$/  {"\2", (void *) \&\2},/p'\'' -e '\''s/^[ABCDGIRSTW]* \([^ ]*\) \([^ ]*\)$/  {"lib\2", (void *) \&\2},/p'\'''
lt_cv_sys_global_symbol_to_cdecl='sed -n -e '\''s/^T .* \(.*\)$/extern int \1();/p'\'' -e '\''s/^[ABCDGIRSTW]* .* \(.*\)$/extern char \1;/p'\'''
lt_cv_sys_max_cmd_len=1572864
lt_cv_to_host_file_cmd=func_convert_file_noop
lt_cv_to_tool_file_cmd=func_convert_file_noop

## ----------------- ##
## Output variables. ##
## ----------------- ##

ACLOCAL='${SHELL} /home/wd/ad_cloud/missing --run aclocal-1.10'
AMDEPBACKSLASH='\'
AMDEP_FALSE='#'
AMDEP_TRUE=''
AMTAR='${SHELL} /home/wd/ad_cloud/missing --run tar'
AR='ar'
AUTOCONF='${SHELL} /home/wd/ad_cloud/missing --run autoconf'
AUTOHEADER='${SHELL} /home/wd/ad_cloud/missing --run autoheader'
AUTOMAKE='${SHELL} /home/wd/ad_cloud/missing --run automake-1.10'
AWK='mawk'
CC='gcc'
CCDEPMODE='depmode=gcc3'
CFLAGS='-g -O2'
CPP='gcc -E'
CPPFLAGS=''
CXX='g++'
CXXCPP='g++ -E'
CXXDEPMODE='depmode=gcc3'
CXXFLAGS='-g -O2'
CYGPATH_W='echo'
DEFS='-DPACKAGE_NAME=\"libraft\" -DPACKAGE_TARNAME=\"libraft\" -DPACKAGE_VERSION=\"0.0.0.0\" -DPACKAGE_STRING=\"libraft\ 0.0.0.0\" -DPACKAGE_BUGREPORT=\"583032753@qq.com\" -DPACKAGE_URL=\"\" -DPACKAGE=\"libraft\" -DVERSION=\"0.1\" -DSTDC_HEADERS=1 -DHAVE_SYS_TYPES_H=1 -DHAVE_SYS_STAT_H=1 -DHAVE_STDLIB_H=1 -DHAVE_STRING_H=1 -DHAVE_MEMORY_H=1 -DHAVE_STRINGS_H=1 -DHAVE_INTTYPES_H=1 -DHAVE_STDINT_H=1 -DHAVE_UNISTD_H=1 -DHAVE_DLFCN_H=1 -DLT_OBJDIR=\".libs/\" -DHAVE_FCNTL_H=1 -DHAVE_STDINT_H=1 -DHAVE_STRING_H=1 -DHAVE_UNISTD_H=1 -DHAVE__BOOL=1 -DHAVE_FTRUNCATE=1 -DHAVE_MKDIR=1 -DHAVE_STRERROR=1'
DEPDIR='.deps'
DLLTOOL='false'
DSYMUTIL=''
DUMPBIN=''
ECHO_C=''
ECHO_N='-n'
ECHO_T=''
EGREP='/bin/grep -E'
EXEEXT=''
FGREP='/bin/grep -F'
GREP='/bin/grep'
INSTALL_DATA='${INSTALL} -m 644'
INSTALL_PROGRAM='${INSTALL}'
INSTALL_SCRIPT='${INSTALL}'
INSTALL_STRIP_PROGRAM='$(install_sh) -c -s'
LD='/usr/bin/ld'
LDFLAGS=''
LIBOBJS=''
LIBS=''
LIBTOOL='$(SHELL) $(top_builddir)/libtool'
LIPO=''
LN_S='ln -s'
LTLIBOBJS=''
MAKEINFO='${SHELL} /home/wd/ad_cloud/missing --run makeinfo'
MANIFEST_TOOL=':'
MKDIR_P='/bin/mkdir -p'
NM='/usr/bin/nm -B'
NMEDIT=''
OBJDUMP='objdump'
OBJEXT='o'
OTOOL64=''
OTOOL=''
PACKAGE='libraft'
PACKAGE_BUGREPORT='583032753@qq.com'
PACKAGE_NAME='libraft'
PACKAGE_STRING='libraft 0.0.0.0'
PACKAGE_TARNAME='libraft'
PACKAGE_URL=''
PACKAGE_VERSION='0.0.0.0'
PATH_SEPARATOR=':'
RANLIB='ranlib'
SED='/bin/sed'
SET_MAKE=''
SHELL='/bin/bash'
STRIP='strip'
VERSION='0.1'
ac_ct_AR='ar'
ac_ct_CC='gcc'
ac_ct_CXX='g++'
ac_ct_DUMPBIN=''
am__fastdepCC_FALSE='#'
am__fastdepCC_TRUE=''
am__fastdepCXX_FALSE='#'
am__fastdepCXX_TRUE=''
am__include='include'
am__isrc=''
am__leading_dot='.'
am__quote=''
am__tar='${AMTAR} chof - "$$tardir"'
am__untar='${AMTAR} xf -'
bindir='${exec_prefix}/bin'
build='i686-pc-linux-gnu'
build_alias=''
build_cpu='i686'
build_os='linux-gnu'
build_vendor='pc'
datadir='${datarootdir}'
datarootdir='${prefix}/share'
docdir='${datarootdir}/doc/${PACKAGE_TARNAME}'
dvidir='${docdir}'
exec_prefix='${prefix}'
host='i686-pc-linux-gnu'
host_alias=''
host_cpu='i686'
host_os='linux-gnu'
host_vendor='pc'
htmldir='${docdir}'
includedir='${prefix}/include'
infodir='${datarootdir}/info'
install_sh='$(SHELL) /home/wd/ad_cloud/install-sh'
libdir='${exec_prefix}/lib'
libexecdir='${exec_prefix}/libexec'
localedir='${datarootdir}/locale'
localstatedir='${prefix}/var'
mandir='${datarootdir}/man'
mkdir_p='/bin/mkdir -p'
oldincludedir='/usr/include'
pdfdir='${docdir}'
prefix='/usr/local'
program_transform_name='s,x,x,'
psdir='${docdir}'
sbindir='${exec_prefix}/sbin'
sharedstatedir='${prefix}/com'
sysconfdir='${prefix}/etc'
target_alias=''

## ----------- ##
## confdefs.h. ##
## ----------- ##

/* confdefs.h */
#define PACKAGE_NAME "libraft"
#define PACKAGE_TARNAME "libraft"
#define PACKAGE_VERSION "0.0.0.0"
#define PACKAGE_STRING "libraft 0.0.0.0"
#define PACKAGE_BUGREPORT "583032753@qq.com"
#define PACKAGE_URL ""
#define PACKAGE "libraft"
#define VERSION "0.1"
#define STDC_HEADERS 1
#define HAVE_SYS_TYPES_H 1
#define HAVE_SYS_STAT_H 1
#define HAVE_STDLIB_H 1
#define HAVE_STRING_H 1
#define HAVE_MEMORY_H 1
#define HAVE_STRINGS_H 1
#define HAVE_INTTYPES_H 1
#define HAVE_STDINT_H 1
#define HAVE_UNISTD_H 1
#define HAVE_DLFCN_H 1
#define LT_OBJDIR ".libs/"
#define HAVE_FCNTL_H 1
#define HAVE_STDINT_H 1
#define HAVE_STRING_H 1
#define HAVE_UNISTD_H 1
#define HAVE__BOOL 1
#define HAVE_FTRUNCATE 1
#define HAVE_MKDIR 1
#define HAVE_STRERROR 1

configure: exit 0

## ---------------------- ##
## Running config.status. ##
## ---------------------- ##

This file was extended by libraft config.status 0.0.0.0, which was
generated by GNU Autoconf 2.69.  Invocation command line was

  CONFIG_FILES    = 
  CONFIG_HEADERS  = 
  CONFIG_LINKS    = 
  CONFIG_COMMANDS = 
  $ ./config.status Makefile depfiles

on wd-desktop

config.status:1059: creating Makefile
config.status:1231: executing depfiles commands
